This file contains any messages produced by compilers while
running configure, to aid debugging if configure makes a mistake.

It was created by GNU Hurd configure 0.9, which was
generated by GNU Autoconf 2.71.  Invocation command line was

  $ ../configure

## --------- ##
## Platform. ##
## --------- ##

hostname = debian
uname -m = i686-AT386
uname -r = 0.9
uname -s = GNU
uname -v = GNU-Mach 1.8+git20230526-486/Hurd-0.9

/usr/bin/uname -p = unknown
/bin/uname -X     = unknown

/bin/arch              = i686-AT386
/usr/bin/arch -k       = unknown
/usr/convex/getsysinfo = unknown
/usr/bin/hostinfo      = unknown
/bin/machine           = unknown
/usr/bin/oslevel       = unknown
/bin/universe          = unknown

PATH: /home/loshmi/gnu/bin/
PATH: /home/loshmi/gnu/bin/
PATH: /usr/local/bin/
PATH: /usr/bin/
PATH: /bin/
PATH: /usr/local/games/
PATH: /usr/games/


## ----------- ##
## Core tests. ##
## ----------- ##

configure:2444: looking for aux files: install-sh config.guess config.sub
configure:2457:  trying ../
configure:2468:   ../install-sh found
configure:2486:   ../config.guess found
configure:2486:   ../config.sub found
configure:2606: checking build system type
configure:2621: result: i686-unknown-gnu0.9
configure:2641: checking host system type
configure:2655: result: i686-unknown-gnu0.9
configure:2768: checking for a BSD-compatible install
configure:2841: result: /bin/bash /home/loshmi/dev/hurd/upstream/hurd/install-sh -c -C
configure:2856: checking for gawk
configure:2891: result: no
configure:2856: checking for mawk
configure:2877: found /usr/bin/mawk
configure:2888: result: mawk
configure:2899: checking for a sed that does not truncate output
configure:2969: result: /usr/bin/sed
configure:3045: checking for gcc
configure:3066: found /usr/bin/gcc
configure:3077: result: gcc
configure:3430: checking for C compiler version
configure:3439: gcc --version >&5
gcc (Debian 12.2.0-14+hurd.1) 12.2.0
Copyright (C) 2022 Free Software Foundation, Inc.
This is free software; see the source for copying conditions.  There is NO
warranty; not even for MERCHANTABILITY or FITNESS FOR A PARTICULAR PURPOSE.

configure:3450: $? = 0
configure:3439: gcc -v >&5
Using built-in specs.
COLLECT_GCC=gcc
COLLECT_LTO_WRAPPER=/usr/lib/gcc/i686-gnu/12/lto-wrapper
Target: i686-gnu
Configured with: ../src/configure -v --with-pkgversion='Debian 12.2.0-14+hurd.1' --with-bugurl=file:///usr/share/doc/gcc-12/README.Bugs --enable-languages=c,ada,c++,go,fortran,objc,obj-c++ --prefix=/usr --with-gcc-major-version-only --program-suffix=-12 --program-prefix=i686-gnu- --enable-shared --enable-linker-build-id --libexecdir=/usr/lib --without-included-gettext --enable-threads=posix --libdir=/usr/lib --enable-nls --enable-clocale=gnu --enable-libstdcxx-debug --enable-libstdcxx-time=yes --with-default-libstdcxx-abi=new --disable-libitm --disable-libsanitizer --enable-plugin --enable-default-pie --with-system-zlib --enable-multiarch --disable-werror --with-arch=i686 --with-tune=generic --enable-checking=release --build=i686-gnu --host=i686-gnu --target=i686-gnu
Thread model: posix
Supported LTO compression algorithms: zlib zstd
gcc version 12.2.0 (Debian 12.2.0-14+hurd.1) 
configure:3450: $? = 0
configure:3439: gcc -V >&5
gcc: error: unrecognized command-line option '-V'
gcc: fatal error: no input files
compilation terminated.
configure:3450: $? = 1
configure:3439: gcc -qversion >&5
gcc: error: unrecognized command-line option '-qversion'; did you mean '--version'?
gcc: fatal error: no input files
compilation terminated.
configure:3450: $? = 1
configure:3439: gcc -version >&5
gcc: error: unrecognized command-line option '-version'
gcc: fatal error: no input files
compilation terminated.
configure:3450: $? = 1
configure:3470: gcc -o conftest    conftest.c  >&5
configure:3474: $? = 0
configure:3493: checking whether the C compiler works
configure:3515: gcc    conftest.c  >&5
configure:3519: $? = 0
configure:3569: result: yes
configure:3572: checking for C compiler default output file name
configure:3574: result: a.out
configure:3580: checking for suffix of executables
configure:3587: gcc -o conftest    conftest.c  >&5
configure:3591: $? = 0
configure:3614: result: 
configure:3636: checking whether we are cross compiling
configure:3644: gcc -o conftest    conftest.c  >&5
configure:3648: $? = 0
configure:3655: ./conftest
configure:3659: $? = 0
configure:3674: result: no
configure:3732: checking for suffix of object files
configure:3755: gcc -c   conftest.c >&5
configure:3759: $? = 0
configure:3781: result: o
configure:3785: checking whether the compiler supports GNU C
configure:3805: gcc -c   conftest.c >&5
configure:3805: $? = 0
configure:3815: result: yes
configure:3826: checking whether gcc accepts -g
configure:3847: gcc -c -g  conftest.c >&5
configure:3847: $? = 0
configure:3891: result: yes
configure:3911: checking for gcc option to enable C11 features
configure:3926: gcc  -c -g -O2  conftest.c >&5
configure:3926: $? = 0
configure:3944: result: none needed
configure:4107: checking for ld
configure:4128: found /usr/bin/ld
configure:4139: result: ld
configure:4209: checking for objcopy
configure:4230: found /usr/bin/objcopy
configure:4241: result: objcopy
configure:4311: checking for ar
configure:4332: found /usr/bin/ar
configure:4343: result: ar
configure:4413: checking for ranlib
configure:4434: found /usr/bin/ranlib
configure:4445: result: ranlib
configure:4515: checking for mig
configure:4536: found /home/loshmi/gnu/bin/mig
configure:4547: result: mig
configure:4581: checking for ld --version-script
configure:4601: eval $CC -c $CFLAGS $CPPFLAGS conftest.$ac_ext >&5 1>&5
configure:4604: $? = 0
configure:4610: gcc -g -O2 -shared -o conftest.so conftest.o
				    -nostartfiles -nostdlib
				    -Wl,--version-script,conftest.map
		   1>&5
configure:4613: $? = 0
configure:4621: result: yes
configure:4625: checking for libio
configure:4646: gcc -c -g -O2  conftest.c >&5
conftest.c:11:3: error: #error No libio found.
   11 | # error No libio found.
      |   ^~~~~
configure:4646: $? = 1
configure: failed program was:
| /* confdefs.h */
| #define PACKAGE_NAME "GNU Hurd"
| #define PACKAGE_TARNAME "hurd"
| #define PACKAGE_VERSION "0.9"
| #define PACKAGE_STRING "GNU Hurd 0.9"
| #define PACKAGE_BUGREPORT "bug-hurd@gnu.org"
| #define PACKAGE_URL "https://www.gnu.org/software/hurd/"
| /* end confdefs.h.  */
| #include <stdio.h>
| #ifndef _STDIO_USES_IOSTREAM
| # error No libio found.
| #endif
| int
| main (void)
| {
| 
|   ;
|   return 0;
| }
configure:4654: result: no
configure:4658: checking for file_exec_paths
configure:4658: gcc -o conftest -g -O2   conftest.c  >&5
configure:4658: $? = 0
configure:4658: result: yes
configure:4664: checking for exec_exec_paths
configure:4664: gcc -o conftest -g -O2   conftest.c  >&5
configure:4664: $? = 0
configure:4664: result: yes
configure:4670: checking for _hurd_exec_paths
configure:4670: gcc -o conftest -g -O2   conftest.c  >&5
configure:4670: $? = 0
configure:4670: result: yes
configure:4677: checking for _hurd_libc_proc_init
configure:4677: gcc -o conftest -g -O2   conftest.c  >&5
configure:4677: $? = 0
configure:4677: result: yes
configure:4686: checking for file_utimens
configure:4686: gcc -o conftest -g -O2   conftest.c  >&5
configure:4686: $? = 0
configure:4686: result: yes
configure:4711: checking for crypt in -lcrypt
configure:4737: gcc -o conftest -g -O2   conftest.c -lcrypt   >&5
configure:4737: $? = 0
configure:4747: result: yes
configure:4762: checking for -fgnu89-inline
configure:4778: gcc -g -O2  -S -std=gnu99 -fgnu89-inline
			    -o conftest.s conftest.c 1>&5
conftest.c:3:1: warning: return type defaults to 'int' [-Wimplicit-int]
    3 | main () { return 0;}
      | ^~~~
configure:4781: $? = 0
configure:4790: result: yes
configure:4817: checking for stdio.h
configure:4817: gcc -c -g -O2  conftest.c >&5
configure:4817: $? = 0
configure:4817: result: yes
configure:4817: checking for stdlib.h
configure:4817: gcc -c -g -O2  conftest.c >&5
configure:4817: $? = 0
configure:4817: result: yes
configure:4817: checking for string.h
configure:4817: gcc -c -g -O2  conftest.c >&5
configure:4817: $? = 0
configure:4817: result: yes
configure:4817: checking for inttypes.h
configure:4817: gcc -c -g -O2  conftest.c >&5
configure:4817: $? = 0
configure:4817: result: yes
configure:4817: checking for stdint.h
configure:4817: gcc -c -g -O2  conftest.c >&5
configure:4817: $? = 0
configure:4817: result: yes
configure:4817: checking for strings.h
configure:4817: gcc -c -g -O2  conftest.c >&5
configure:4817: $? = 0
configure:4817: result: yes
configure:4817: checking for sys/stat.h
configure:4817: gcc -c -g -O2  conftest.c >&5
configure:4817: $? = 0
configure:4817: result: yes
configure:4817: checking for sys/types.h
configure:4817: gcc -c -g -O2  conftest.c >&5
configure:4817: $? = 0
configure:4817: result: yes
configure:4817: checking for unistd.h
configure:4817: gcc -c -g -O2  conftest.c >&5
configure:4817: $? = 0
configure:4817: result: yes
configure:4845: checking for parted/parted.h
configure:4845: gcc -c -g -O2  conftest.c >&5
configure:4845: $? = 0
configure:4845: result: yes
configure:4859: checking for ped_device_read in -lparted
configure:4885: gcc -o conftest -g -O2   conftest.c -lparted   >&5
configure:4885: $? = 0
configure:4895: result: yes
configure:4912: checking for uuid_generate in -luuid
configure:4938: gcc -o conftest -g -O2   conftest.c -luuid  -lparted  >&5
configure:4938: $? = 0
configure:4948: result: yes
configure:4965: checking for dlopen in -ldl
configure:4991: gcc -o conftest -g -O2   conftest.c -ldl  -luuid -lparted  >&5
configure:4991: $? = 0
configure:5001: result: yes
configure:5036: checking for BZ2_bzCompress in -lbz2
configure:5062: gcc -o conftest -g -O2   conftest.c -lbz2  -ldl -luuid -lparted  >&5
/usr/bin/ld: cannot find -lbz2: No such file or directory
collect2: error: ld returned 1 exit status
configure:5062: $? = 1
configure: failed program was:
| /* confdefs.h */
| #define PACKAGE_NAME "GNU Hurd"
| #define PACKAGE_TARNAME "hurd"
| #define PACKAGE_VERSION "0.9"
| #define PACKAGE_STRING "GNU Hurd 0.9"
| #define PACKAGE_BUGREPORT "bug-hurd@gnu.org"
| #define PACKAGE_URL "https://www.gnu.org/software/hurd/"
| #define HAVE_FILE_EXEC_PATHS 1
| #define HAVE_EXEC_EXEC_PATHS 1
| #define HAVE__HURD_EXEC_PATHS 1
| #define HAVE__HURD_LIBC_PROC_INIT 1
| #define HAVE_FILE_UTIMENS 1
| #define UTIME_NOW -1
| #define UTIME_OMIT -2
| #define HAVE_LIBCRYPT 1
| #define HAVE_STDIO_H 1
| #define HAVE_STDLIB_H 1
| #define HAVE_STRING_H 1
| #define HAVE_INTTYPES_H 1
| #define HAVE_STDINT_H 1
| #define HAVE_STRINGS_H 1
| #define HAVE_SYS_STAT_H 1
| #define HAVE_SYS_TYPES_H 1
| #define HAVE_UNISTD_H 1
| #define STDC_HEADERS 1
| #define HAVE_PARTED_PARTED_H 1
| #define HAVE_LIBPARTED 1
| #define HAVE_LIBUUID 1
| #define HAVE_LIBDL 1
| /* end confdefs.h.  */
| 
| /* Override any GCC internal prototype to avoid an error.
|    Use char because int might match the return type of a GCC
|    builtin and then its argument prototype would still apply.  */
| char BZ2_bzCompress ();
| int
| main (void)
| {
| return BZ2_bzCompress ();
|   ;
|   return 0;
| }
configure:5072: result: no
configure:5098: checking for deflate in -lz
configure:5124: gcc -o conftest -g -O2   conftest.c -lz  -ldl -luuid -lparted  >&5
configure:5124: $? = 0
configure:5134: result: yes
configure:5180: gcc -o conftest -g -O2   conftest.c -ldl -luuid -lparted  -lrump >&5
conftest.c:33:10: fatal error: rump/rump.h: No such file or directory
   33 | #include <rump/rump.h>
      |          ^~~~~~~~~~~~~
compilation terminated.
configure:5180: $? = 1
configure: failed program was:
| /* confdefs.h */
| #define PACKAGE_NAME "GNU Hurd"
| #define PACKAGE_TARNAME "hurd"
| #define PACKAGE_VERSION "0.9"
| #define PACKAGE_STRING "GNU Hurd 0.9"
| #define PACKAGE_BUGREPORT "bug-hurd@gnu.org"
| #define PACKAGE_URL "https://www.gnu.org/software/hurd/"
| #define HAVE_FILE_EXEC_PATHS 1
| #define HAVE_EXEC_EXEC_PATHS 1
| #define HAVE__HURD_EXEC_PATHS 1
| #define HAVE__HURD_LIBC_PROC_INIT 1
| #define HAVE_FILE_UTIMENS 1
| #define UTIME_NOW -1
| #define UTIME_OMIT -2
| #define HAVE_LIBCRYPT 1
| #define HAVE_STDIO_H 1
| #define HAVE_STDLIB_H 1
| #define HAVE_STRING_H 1
| #define HAVE_INTTYPES_H 1
| #define HAVE_STDINT_H 1
| #define HAVE_STRINGS_H 1
| #define HAVE_SYS_STAT_H 1
| #define HAVE_SYS_TYPES_H 1
| #define HAVE_UNISTD_H 1
| #define STDC_HEADERS 1
| #define HAVE_PARTED_PARTED_H 1
| #define HAVE_LIBPARTED 1
| #define HAVE_LIBUUID 1
| #define HAVE_LIBDL 1
| /* end confdefs.h.  */
| #include <hurd.h>
| #define _STANDALONE
| #include <rump/rump.h>
| int
| main (void)
| {
| 
|   ;
|   return 0;
| }
configure:5207: gcc -o conftest -g -O2   conftest.c -ldl -luuid -lparted  -lrumpvfs_nofifofs_pic >&5
conftest.c:33:10: fatal error: rump/rump.h: No such file or directory
   33 | #include <rump/rump.h>
      |          ^~~~~~~~~~~~~
compilation terminated.
configure:5207: $? = 1
configure: failed program was:
| /* confdefs.h */
| #define PACKAGE_NAME "GNU Hurd"
| #define PACKAGE_TARNAME "hurd"
| #define PACKAGE_VERSION "0.9"
| #define PACKAGE_STRING "GNU Hurd 0.9"
| #define PACKAGE_BUGREPORT "bug-hurd@gnu.org"
| #define PACKAGE_URL "https://www.gnu.org/software/hurd/"
| #define HAVE_FILE_EXEC_PATHS 1
| #define HAVE_EXEC_EXEC_PATHS 1
| #define HAVE__HURD_EXEC_PATHS 1
| #define HAVE__HURD_LIBC_PROC_INIT 1
| #define HAVE_FILE_UTIMENS 1
| #define UTIME_NOW -1
| #define UTIME_OMIT -2
| #define HAVE_LIBCRYPT 1
| #define HAVE_STDIO_H 1
| #define HAVE_STDLIB_H 1
| #define HAVE_STRING_H 1
| #define HAVE_INTTYPES_H 1
| #define HAVE_STDINT_H 1
| #define HAVE_STRINGS_H 1
| #define HAVE_SYS_STAT_H 1
| #define HAVE_SYS_TYPES_H 1
| #define HAVE_UNISTD_H 1
| #define STDC_HEADERS 1
| #define HAVE_PARTED_PARTED_H 1
| #define HAVE_LIBPARTED 1
| #define HAVE_LIBUUID 1
| #define HAVE_LIBDL 1
| /* end confdefs.h.  */
| #include <hurd.h>
| #define _STANDALONE
| #include <rump/rump.h>
| int
| main (void)
| {
| 
|   ;
|   return 0;
| }
configure:5238: checking boot store types
configure:5240: result: device remap part gunzip
configure:5254: checking for initscr in -lncursesw
configure:5280: gcc -o conftest -g -O2   conftest.c -lncursesw  -ldl -luuid -lparted  >&5
/usr/bin/ld: cannot find -lncursesw: No such file or directory
collect2: error: ld returned 1 exit status
configure:5280: $? = 1
configure: failed program was:
| /* confdefs.h */
| #define PACKAGE_NAME "GNU Hurd"
| #define PACKAGE_TARNAME "hurd"
| #define PACKAGE_VERSION "0.9"
| #define PACKAGE_STRING "GNU Hurd 0.9"
| #define PACKAGE_BUGREPORT "bug-hurd@gnu.org"
| #define PACKAGE_URL "https://www.gnu.org/software/hurd/"
| #define HAVE_FILE_EXEC_PATHS 1
| #define HAVE_EXEC_EXEC_PATHS 1
| #define HAVE__HURD_EXEC_PATHS 1
| #define HAVE__HURD_LIBC_PROC_INIT 1
| #define HAVE_FILE_UTIMENS 1
| #define UTIME_NOW -1
| #define UTIME_OMIT -2
| #define HAVE_LIBCRYPT 1
| #define HAVE_STDIO_H 1
| #define HAVE_STDLIB_H 1
| #define HAVE_STRING_H 1
| #define HAVE_INTTYPES_H 1
| #define HAVE_STDINT_H 1
| #define HAVE_STRINGS_H 1
| #define HAVE_SYS_STAT_H 1
| #define HAVE_SYS_TYPES_H 1
| #define HAVE_UNISTD_H 1
| #define STDC_HEADERS 1
| #define HAVE_PARTED_PARTED_H 1
| #define HAVE_LIBPARTED 1
| #define HAVE_LIBUUID 1
| #define HAVE_LIBDL 1
| /* end confdefs.h.  */
| 
| /* Override any GCC internal prototype to avoid an error.
|    Use char because int might match the return type of a GCC
|    builtin and then its argument prototype would still apply.  */
| char initscr ();
| int
| main (void)
| {
| return initscr ();
|   ;
|   return 0;
| }
configure:5290: result: no
configure:5404: checking for pkg-config
configure:5442: result: no
configure:5477: checking for xkbcommon
configure:5536: result: no
configure:5567: checking for libtirpc
configure:5626: result: no
configure:5669: checking for libdaemon
configure:5728: result: no
configure:5746: checking for struct thread_sched_info.last_processor
configure:5746: gcc -c -g -O2  conftest.c >&5
configure:5746: $? = 0
configure:5746: result: yes
configure:5757: checking for struct mapped_time_value.time_value.seconds
configure:5757: gcc -c -g -O2  conftest.c >&5
configure:5757: $? = 0
configure:5757: result: yes
configure:5770: checking for libblkid
configure:5829: result: no
configure:5846: checking for libgcrypt
configure:5905: result: no
configure:5921: checking for liblwip
configure:5980: result: no
configure:5996: checking for libpciaccess
configure:6055: result: no
configure:6082: checking for acpi/acpi_init.h
configure:6082: gcc -c -g -O2  conftest.c >&5
conftest.c:61:10: fatal error: acpi/acpi_init.h: No such file or directory
   61 | #include <acpi/acpi_init.h>
      |          ^~~~~~~~~~~~~~~~~~
compilation terminated.
configure:6082: $? = 1
configure: failed program was:
| /* confdefs.h */
| #define PACKAGE_NAME "GNU Hurd"
| #define PACKAGE_TARNAME "hurd"
| #define PACKAGE_VERSION "0.9"
| #define PACKAGE_STRING "GNU Hurd 0.9"
| #define PACKAGE_BUGREPORT "bug-hurd@gnu.org"
| #define PACKAGE_URL "https://www.gnu.org/software/hurd/"
| #define HAVE_FILE_EXEC_PATHS 1
| #define HAVE_EXEC_EXEC_PATHS 1
| #define HAVE__HURD_EXEC_PATHS 1
| #define HAVE__HURD_LIBC_PROC_INIT 1
| #define HAVE_FILE_UTIMENS 1
| #define UTIME_NOW -1
| #define UTIME_OMIT -2
| #define HAVE_LIBCRYPT 1
| #define HAVE_STDIO_H 1
| #define HAVE_STDLIB_H 1
| #define HAVE_STRING_H 1
| #define HAVE_INTTYPES_H 1
| #define HAVE_STDINT_H 1
| #define HAVE_STRINGS_H 1
| #define HAVE_SYS_STAT_H 1
| #define HAVE_SYS_TYPES_H 1
| #define HAVE_UNISTD_H 1
| #define STDC_HEADERS 1
| #define HAVE_PARTED_PARTED_H 1
| #define HAVE_LIBPARTED 1
| #define HAVE_LIBUUID 1
| #define HAVE_LIBDL 1
| #define HAVE_STRUCT_THREAD_SCHED_INFO_LAST_PROCESSOR 1
| #define HAVE_STRUCT_MAPPED_TIME_VALUE_TIME_VALUE_SECONDS 1
| /* end confdefs.h.  */
| #include <stddef.h>
| #ifdef HAVE_STDIO_H
| # include <stdio.h>
| #endif
| #ifdef HAVE_STDLIB_H
| # include <stdlib.h>
| #endif
| #ifdef HAVE_STRING_H
| # include <string.h>
| #endif
| #ifdef HAVE_INTTYPES_H
| # include <inttypes.h>
| #endif
| #ifdef HAVE_STDINT_H
| # include <stdint.h>
| #endif
| #ifdef HAVE_STRINGS_H
| # include <strings.h>
| #endif
| #ifdef HAVE_SYS_TYPES_H
| # include <sys/types.h>
| #endif
| #ifdef HAVE_SYS_STAT_H
| # include <sys/stat.h>
| #endif
| #ifdef HAVE_UNISTD_H
| # include <unistd.h>
| #endif
| #include <acpi/acpi_init.h>
configure:6082: result: no
configure:6243: creating ./config.status

## ---------------------- ##
## Running config.status. ##
## ---------------------- ##

This file was extended by GNU Hurd config.status 0.9, which was
generated by GNU Autoconf 2.71.  Invocation command line was

  CONFIG_FILES    = 
  CONFIG_HEADERS  = 
  CONFIG_LINKS    = 
  CONFIG_COMMANDS = 
  $ ./config.status 

on debian

config.status:779: creating config.make
config.status:779: creating Makeconf
config.status:779: creating Makefile
config.status:779: creating acpi/Makefile
config.status:779: creating auth/Makefile
config.status:779: creating benchmarks/Makefile
config.status:779: creating boot/Makefile
config.status:779: creating config/Makefile
config.status:779: creating console-client/Makefile
config.status:779: creating console/Makefile
config.status:779: creating daemons/Makefile
config.status:779: creating defpager/Makefile
config.status:779: creating devnode/Makefile
config.status:779: creating doc/Makefile
config.status:779: creating eth-multiplexer/Makefile
config.status:779: creating exec/Makefile
config.status:779: creating ext2fs/Makefile
config.status:779: creating fatfs/Makefile
config.status:779: creating fstests/Makefile
config.status:779: creating ftpfs/Makefile
config.status:779: creating hostmux/Makefile
config.status:779: creating hurd/Makefile
config.status:779: creating include/Makefile
config.status:779: creating init/Makefile
config.status:779: creating isofs/Makefile
config.status:779: creating libbpf/Makefile
config.status:779: creating libcons/Makefile
config.status:779: creating libdiskfs/Makefile
config.status:779: creating libfshelp-tests/Makefile
config.status:779: creating libfshelp/Makefile
config.status:779: creating libftpconn/Makefile
config.status:779: creating libhurd-slab/Makefile
config.status:779: creating libhurdbugaddr/Makefile
config.status:779: creating libihash/Makefile
config.status:779: creating libiohelp/Makefile
config.status:779: creating libirqhelp/Makefile
config.status:779: creating libmachdev/Makefile
config.status:779: creating libnetfs/Makefile
config.status:779: creating libpager/Makefile
config.status:779: creating libpipe/Makefile
config.status:779: creating libports/Makefile
config.status:779: creating libps/Makefile
config.status:779: creating libshouldbeinlibc/Makefile
config.status:779: creating libstore/Makefile
config.status:779: creating libtrivfs/Makefile
config.status:779: creating login/Makefile
config.status:779: creating lwip/Makefile
config.status:779: creating mach-defpager/Makefile
config.status:779: creating nfs/Makefile
config.status:779: creating nfsd/Makefile
config.status:779: creating pci-arbiter/Makefile
config.status:779: creating pfinet/Makefile
config.status:779: creating pflocal/Makefile
config.status:779: creating proc/Makefile
config.status:779: creating procfs/Makefile
config.status:779: creating release/Makefile
config.status:779: creating rtc/Makefile
config.status:779: creating rumpdisk/Makefile
config.status:779: creating shutdown/Makefile
config.status:779: creating startup/Makefile
config.status:779: creating storeio/Makefile
config.status:779: creating sutils/Makefile
config.status:779: creating term/Makefile
config.status:779: creating tmpfs/Makefile
config.status:779: creating trans/Makefile
config.status:779: creating usermux/Makefile
config.status:779: creating utils/Makefile
config.status:779: creating daemons/runsystem.hurd.sh

## ---------------- ##
## Cache variables. ##
## ---------------- ##

ac_cv_build=i686-unknown-gnu0.9
ac_cv_c_compiler_gnu=yes
ac_cv_env_CC_set=
ac_cv_env_CC_value=
ac_cv_env_CFLAGS_set=
ac_cv_env_CFLAGS_value=
ac_cv_env_CPPFLAGS_set=
ac_cv_env_CPPFLAGS_value=
ac_cv_env_LDFLAGS_set=
ac_cv_env_LDFLAGS_value=
ac_cv_env_LIBS_set=
ac_cv_env_LIBS_value=
ac_cv_env_PKG_CONFIG_LIBDIR_set=
ac_cv_env_PKG_CONFIG_LIBDIR_value=
ac_cv_env_PKG_CONFIG_PATH_set=
ac_cv_env_PKG_CONFIG_PATH_value=
ac_cv_env_PKG_CONFIG_set=
ac_cv_env_PKG_CONFIG_value=
ac_cv_env_build_alias_set=
ac_cv_env_build_alias_value=
ac_cv_env_host_alias_set=
ac_cv_env_host_alias_value=
ac_cv_env_libblkid_CFLAGS_set=
ac_cv_env_libblkid_CFLAGS_value=
ac_cv_env_libblkid_LIBS_set=
ac_cv_env_libblkid_LIBS_value=
ac_cv_env_libdaemon_CFLAGS_set=
ac_cv_env_libdaemon_CFLAGS_value=
ac_cv_env_libdaemon_LIBS_set=
ac_cv_env_libdaemon_LIBS_value=
ac_cv_env_libgcrypt_CFLAGS_set=
ac_cv_env_libgcrypt_CFLAGS_value=
ac_cv_env_libgcrypt_LIBS_set=
ac_cv_env_libgcrypt_LIBS_value=
ac_cv_env_liblwip_CFLAGS_set=
ac_cv_env_liblwip_CFLAGS_value=
ac_cv_env_liblwip_LIBS_set=
ac_cv_env_liblwip_LIBS_value=
ac_cv_env_libpciaccess_CFLAGS_set=
ac_cv_env_libpciaccess_CFLAGS_value=
ac_cv_env_libpciaccess_LIBS_set=
ac_cv_env_libpciaccess_LIBS_value=
ac_cv_env_libtirpc_CFLAGS_set=
ac_cv_env_libtirpc_CFLAGS_value=
ac_cv_env_libtirpc_LIBS_set=
ac_cv_env_libtirpc_LIBS_value=
ac_cv_env_target_alias_set=
ac_cv_env_target_alias_value=
ac_cv_env_xkbcommon_CFLAGS_set=
ac_cv_env_xkbcommon_CFLAGS_value=
ac_cv_env_xkbcommon_LIBS_set=
ac_cv_env_xkbcommon_LIBS_value=
ac_cv_func__hurd_exec_paths=yes
ac_cv_func__hurd_libc_proc_init=yes
ac_cv_func_exec_exec_paths=yes
ac_cv_func_file_exec_paths=yes
ac_cv_func_file_utimens=yes
ac_cv_header_acpi_acpi_init_h=no
ac_cv_header_inttypes_h=yes
ac_cv_header_parted_parted_h=yes
ac_cv_header_stdint_h=yes
ac_cv_header_stdio_h=yes
ac_cv_header_stdlib_h=yes
ac_cv_header_string_h=yes
ac_cv_header_strings_h=yes
ac_cv_header_sys_stat_h=yes
ac_cv_header_sys_types_h=yes
ac_cv_header_unistd_h=yes
ac_cv_host=i686-unknown-gnu0.9
ac_cv_lib_bz2_BZ2_bzCompress=no
ac_cv_lib_crypt_crypt=yes
ac_cv_lib_dl_dlopen=yes
ac_cv_lib_ncursesw_initscr=no
ac_cv_lib_parted_ped_device_read=yes
ac_cv_lib_uuid_uuid_generate=yes
ac_cv_lib_z_deflate=yes
ac_cv_member_struct_mapped_time_value_time_value_seconds=yes
ac_cv_member_struct_thread_sched_info_last_processor=yes
ac_cv_objext=o
ac_cv_path_SED=/usr/bin/sed
ac_cv_prog_AWK=mawk
ac_cv_prog_ac_ct_AR=ar
ac_cv_prog_ac_ct_CC=gcc
ac_cv_prog_ac_ct_LD=ld
ac_cv_prog_ac_ct_MIG=mig
ac_cv_prog_ac_ct_OBJCOPY=objcopy
ac_cv_prog_ac_ct_RANLIB=ranlib
ac_cv_prog_cc_c11=
ac_cv_prog_cc_g=yes
ac_cv_prog_cc_stdc=
hurd_cv_ld_version_script_option=yes
hurd_cv_libio=no
libc_cv_gnu89_inline=-fgnu89-inline

## ----------------- ##
## Output variables. ##
## ----------------- ##

AR='ar'
AWK='mawk'
CC='gcc'
CFLAGS='-g -O2'
CPPFLAGS=''
DEFS='-DPACKAGE_NAME=\"GNU\ Hurd\" -DPACKAGE_TARNAME=\"hurd\" -DPACKAGE_VERSION=\"0.9\" -DPACKAGE_STRING=\"GNU\ Hurd\ 0.9\" -DPACKAGE_BUGREPORT=\"bug-hurd@gnu.org\" -DPACKAGE_URL=\"https://www.gnu.org/software/hurd/\" -DHAVE_FILE_EXEC_PATHS=1 -DHAVE_EXEC_EXEC_PATHS=1 -DHAVE__HURD_EXEC_PATHS=1 -DHAVE__HURD_LIBC_PROC_INIT=1 -DHAVE_FILE_UTIMENS=1 -DUTIME_NOW=-1 -DUTIME_OMIT=-2 -DHAVE_LIBCRYPT=1 -DHAVE_STDIO_H=1 -DHAVE_STDLIB_H=1 -DHAVE_STRING_H=1 -DHAVE_INTTYPES_H=1 -DHAVE_STDINT_H=1 -DHAVE_STRINGS_H=1 -DHAVE_SYS_STAT_H=1 -DHAVE_SYS_TYPES_H=1 -DHAVE_UNISTD_H=1 -DSTDC_HEADERS=1 -DHAVE_PARTED_PARTED_H=1 -DHAVE_LIBPARTED=1 -DHAVE_LIBUUID=1 -DHAVE_LIBDL=1 -DHAVE_STRUCT_THREAD_SCHED_INFO_LAST_PROCESSOR=1 -DHAVE_STRUCT_MAPPED_TIME_VALUE_TIME_VALUE_SECONDS=1'
ECHO_C=''
ECHO_N='-n'
ECHO_T=''
EXEEXT=''
HAVE_LIBACPICA='no'
HAVE_LIBBZ2=''
HAVE_LIBCRYPT='1'
HAVE_LIBGCRYPT='no'
HAVE_LIBLWIP='no'
HAVE_LIBPCIACCESS='no'
HAVE_LIBRUMP='no'
HAVE_LIBRUMP_VFSNOFIFO='no'
HAVE_LIBZ='1'
HAVE_SUN_RPC='no'
INSTALL_DATA='${INSTALL} -m 644'
INSTALL_PROGRAM='${INSTALL}'
INSTALL_SCRIPT='${INSTALL}'
LD='ld'
LDFLAGS=''
LIBNCURSESW=''
LIBOBJS=''
LIBS='-ldl -luuid -lparted '
LTLIBOBJS=''
MIG='mig'
NCURSESW_INCLUDE=''
OBJCOPY='objcopy'
OBJEXT='o'
PACKAGE_BUGREPORT='bug-hurd@gnu.org'
PACKAGE_NAME='GNU Hurd'
PACKAGE_STRING='GNU Hurd 0.9'
PACKAGE_TARNAME='hurd'
PACKAGE_URL='https://www.gnu.org/software/hurd/'
PACKAGE_VERSION='0.9'
PARTED_LIBS='-lparted -luuid -ldl'
PATH_SEPARATOR=':'
PKG_CONFIG=''
PKG_CONFIG_LIBDIR=''
PKG_CONFIG_PATH=''
RANLIB='ranlib'
SED='/usr/bin/sed'
SHELL='/bin/bash'
ac_ct_CC='gcc'
asm_syntax='i386'
bindir='${exec_prefix}/bin'
boot_store_types='device remap part gunzip'
build='i686-unknown-gnu0.9'
build_alias=''
build_cpu='i686'
build_os='gnu0.9'
build_vendor='unknown'
datadir='${datarootdir}'
datarootdir='${prefix}/share'
docdir='${datarootdir}/doc/${PACKAGE_TARNAME}'
dvidir='${docdir}'
enable_profile=''
enable_static_progs='ext2fs iso9660fs rumpdisk pci-arbiter acpi'
exec_prefix='${prefix}'
have_xkbcommon='no'
host='i686-unknown-gnu0.9'
host_alias=''
host_cpu='i686'
host_os='gnu0.9'
host_vendor='unknown'
htmldir='${docdir}'
includedir='${prefix}/include'
infodir='${datarootdir}/info'
libacpica_CFLAGS=''
libacpica_LIBS=''
libblkid_CFLAGS=''
libblkid_LIBS=''
libc_cv_gnu89_inline='-fgnu89-inline'
libdaemon_CFLAGS=''
libdaemon_LIBS=''
libdir='${exec_prefix}/lib'
libexecdir='${exec_prefix}/libexec'
libgcrypt_CFLAGS=''
libgcrypt_LIBS=''
liblwip_CFLAGS=''
liblwip_LIBS=''
libpciaccess_CFLAGS=''
libpciaccess_LIBS=''
libtirpc_CFLAGS=''
libtirpc_LIBS=''
localedir='${datarootdir}/locale'
localstatedir='${prefix}/var'
mandir='${datarootdir}/man'
oldincludedir='/usr/include'
pdfdir='${docdir}'
prefix=''
program_transform_name='s,x,x,'
psdir='${docdir}'
runstatedir='${localstatedir}/run'
sbindir='${exec_prefix}/sbin'
sharedstatedir='${prefix}/com'
sysconfdir='${prefix}/etc'
target_alias=''
xkbcommon_CFLAGS=''
xkbcommon_LIBS=''

## ----------- ##
## confdefs.h. ##
## ----------- ##

/* confdefs.h */
#define PACKAGE_NAME "GNU Hurd"
#define PACKAGE_TARNAME "hurd"
#define PACKAGE_VERSION "0.9"
#define PACKAGE_STRING "GNU Hurd 0.9"
#define PACKAGE_BUGREPORT "bug-hurd@gnu.org"
#define PACKAGE_URL "https://www.gnu.org/software/hurd/"
#define HAVE_FILE_EXEC_PATHS 1
#define HAVE_EXEC_EXEC_PATHS 1
#define HAVE__HURD_EXEC_PATHS 1
#define HAVE__HURD_LIBC_PROC_INIT 1
#define HAVE_FILE_UTIMENS 1
#define UTIME_NOW -1
#define UTIME_OMIT -2
#define HAVE_LIBCRYPT 1
#define HAVE_STDIO_H 1
#define HAVE_STDLIB_H 1
#define HAVE_STRING_H 1
#define HAVE_INTTYPES_H 1
#define HAVE_STDINT_H 1
#define HAVE_STRINGS_H 1
#define HAVE_SYS_STAT_H 1
#define HAVE_SYS_TYPES_H 1
#define HAVE_UNISTD_H 1
#define STDC_HEADERS 1
#define HAVE_PARTED_PARTED_H 1
#define HAVE_LIBPARTED 1
#define HAVE_LIBUUID 1
#define HAVE_LIBDL 1
#define HAVE_STRUCT_THREAD_SCHED_INFO_LAST_PROCESSOR 1
#define HAVE_STRUCT_MAPPED_TIME_VALUE_TIME_VALUE_SECONDS 1

configure: exit 0
